<?xml version="1.0" encoding="UTF-8"?>
<testng-results skipped="0" failed="0" ignored="2" total="4" passed="2">
  <reporter-output>
  </reporter-output>
  <suite name="Final Project" duration-ms="12342" started-at="2022-05-15T22:39:55 CDT" finished-at="2022-05-15T22:40:08 CDT">
    <groups>
    </groups>
    <test name="/Users/jcanalesp/Documents/GitHub/handsOnSeleniumWebDriver" duration-ms="12342" started-at="2022-05-15T22:39:55 CDT" finished-at="2022-05-15T22:40:08 CDT">
      <class name="CategoryWomenTests">
        <test-method status="PASS" signature="beforeTest()[pri:0, instance:CategoryWomenTests@54bff557]" name="beforeTest" is-config="true" duration-ms="8" started-at="2022-05-15T22:39:55 CDT" finished-at="2022-05-15T22:39:55 CDT">
          <reporter-output>
          </reporter-output>
        </test-method> <!-- beforeTest -->
        <test-method status="PASS" signature="testSR1010()[pri:0, instance:CategoryWomenTests@54bff557]" name="testSR1010" duration-ms="6849" started-at="2022-05-15T22:39:55 CDT" description="Tests para probar la categoria WOMEN del proyecto final" finished-at="2022-05-15T22:40:02 CDT">
          <reporter-output>
          </reporter-output>
        </test-method> <!-- testSR1010 -->
        <test-method status="PASS" signature="afterTest()[pri:0, instance:CategoryWomenTests@54bff557]" name="afterTest" is-config="true" duration-ms="121" started-at="2022-05-15T22:40:08 CDT" finished-at="2022-05-15T22:40:08 CDT">
          <reporter-output>
          </reporter-output>
        </test-method> <!-- afterTest -->
      </class> <!-- CategoryWomenTests -->
      <class name="CategoryTshirtsTests">
        <test-method status="PASS" signature="testSR1012()[pri:0, instance:CategoryTshirtsTests@235ecd9f]" name="testSR1012" duration-ms="5338" started-at="2022-05-15T22:40:02 CDT" description="Tests para probar la categoria T-shirts del proyecto final" finished-at="2022-05-15T22:40:08 CDT">
          <reporter-output>
          </reporter-output>
        </test-method> <!-- testSR1012 -->
      </class> <!-- CategoryTshirtsTests -->
    </test> <!-- /Users/jcanalesp/Documents/GitHub/handsOnSeleniumWebDriver -->
  </suite> <!-- Final Project -->
</testng-results>
