<?xml version="1.0" encoding="UTF-8"?>
<!-- Generated by org.testng.reporters.JUnitXMLReporter -->
<testsuite hostname="LAPTOP-A13CSC61" ignored="18" tests="1" failures="0" timestamp="2022-05-16T22:22:53 CDT" time="7.47" errors="0">
  <testcase name="womenBtnCLick" time="6.797" classname="WomenBannerTest"/>
  <testcase name="testWOmenCategory" time="0.0" classname="MyStoreHomeTests">
    <ignored/>
  </testcase> <!-- testWOmenCategory -->
  <testcase name="testOpoenBrowser" time="0.0" classname="BrowserNavigationTests">
    <ignored/>
  </testcase> <!-- testOpoenBrowser -->
  <testcase name="testManejoDeException" time="0.0" classname="MyStoreHomeTests">
    <ignored/>
  </testcase> <!-- testManejoDeException -->
  <testcase name="testMultipleSearch" time="0.0" classname="SearchResultsTest">
    <ignored/>
  </testcase> <!-- testMultipleSearch -->
  <testcase name="testManejoDeException2" time="0.0" classname="MyStoreHomeTests">
    <ignored/>
  </testcase> <!-- testManejoDeException2 -->
  <testcase name="testApplicationURL" time="0.0" classname="BrowserNavigationTests">
    <ignored/>
  </testcase> <!-- testApplicationURL -->
  <testcase name="womenBtnCLick" time="0.0" classname="TShirtsBannerTest">
    <ignored/>
  </testcase> <!-- womenBtnCLick -->
  <testcase name="testApplicationURLNegative" time="0.0" classname="BrowserNavigationTests">
    <ignored/>
  </testcase> <!-- testApplicationURLNegative -->
  <testcase name="testManejoDeException2Fails" time="0.0" classname="MyStoreHomeTests">
    <ignored/>
  </testcase> <!-- testManejoDeException2Fails -->
  <testcase name="testDressesMenu" time="0.0" classname="DressesBannerTest">
    <ignored/>
  </testcase> <!-- testDressesMenu -->
  <testcase name="testSearchTextBosIsCleared" time="0.0" classname="SearchResultsTest">
    <ignored/>
  </testcase> <!-- testSearchTextBosIsCleared -->
  <testcase name="testURLCart" time="0.0" classname="MyStoreHomeTests">
    <ignored/>
  </testcase> <!-- testURLCart -->
  <testcase name="testSearchTextBox" time="0.0" classname="MyStoreHomeTests">
    <ignored/>
  </testcase> <!-- testSearchTextBox -->
  <testcase name="testMenuOption" time="0.0" classname="MyStoreHomeTests">
    <ignored/>
  </testcase> <!-- testMenuOption -->
  <testcase name="testSendTextToSearchTextBox" time="0.0" classname="MyStoreHomeTests">
    <ignored/>
  </testcase> <!-- testSendTextToSearchTextBox -->
  <testcase name="testSearchFirstElement" time="0.0" classname="MyStoreHomeTests">
    <ignored/>
  </testcase> <!-- testSearchFirstElement -->
  <testcase name="testGetPageTitleNegative" time="0.0" classname="BrowserNavigationTests">
    <ignored/>
  </testcase> <!-- testGetPageTitleNegative -->
  <testcase name="testGetPageTitle" time="0.0" classname="BrowserNavigationTests">
    <ignored/>
  </testcase> <!-- testGetPageTitle -->
</testsuite>
