<?xml version="1.0" encoding="UTF-8"?>
<!-- Generated by org.testng.reporters.JUnitXMLReporter -->
<testsuite hostname="GSJ9MD6MACD01EX" ignored="2" tests="2" failures="0" timestamp="2022-05-15T22:40:08 CDT" time="12.342" errors="0">
  <testcase name="testSR1010" time="6.849" classname="CategoryWomenTests"/>
  <testcase name="testSR1012" time="5.338" classname="CategoryTshirtsTests"/>
  <testcase name="@AfterTest afterTest" time="0.0" classname="BaseTest">
    <ignored/>
  </testcase> <!-- @AfterTest afterTest -->
  <testcase name="@BeforeTest beforeTest" time="0.0" classname="BaseTest">
    <ignored/>
  </testcase> <!-- @BeforeTest beforeTest -->
</testsuite>
